-------------------------------------------------------------------------------
Test set: testpackage.ParametrsTest
-------------------------------------------------------------------------------
Tests run: 1, Failures: 1, Errors: 0, Skipped: 0, Time elapsed: 0.11 sec <<< FAILURE! - in testpackage.ParametrsTest
setOwnerTest  Time elapsed: 0.104 sec  <<< FAILURE!
org.opentest4j.AssertionFailedError: An exception should be thrown when tab is empty
	at testpackage.ParametrsTest.setOwnerTest(ParametrsTest.java:25)

